Using pre-set license
Built from '2020.2/staging' branch; Version is '2020.2.5f1 (e2c53f129de5) revision 14861631'; Using compiler version '192528614'; Build Type 'Release'
OS: 'Windows 10 Home; OS build 19042.985; Version 2009; 64bit' Language: 'es' Physical Memory: 16205 MB
BatchMode: 1, IsHumanControllingUs: 0, StartBugReporterOnCrash: 0, Is64bit: 1, IsPro: 0

 COMMAND LINE ARGUMENTS:
C:\Program Files\Unity\Hub\Editor\2020.2.5f1\Editor\Unity.exe
-adb2
-batchMode
-noUpm
-name
AssetImportWorker0
-projectPath
F:/CampusNet/1rAny2Semestre/Desarrollo de videojuegos 3D con motores de juegos/Unity/CM
-logFile
Logs/AssetImportWorker0.log
-srvPort
50782
Successfully changed project path to: F:/CampusNet/1rAny2Semestre/Desarrollo de videojuegos 3D con motores de juegos/Unity/CM
F:/CampusNet/1rAny2Semestre/Desarrollo de videojuegos 3D con motores de juegos/Unity/CM
Using Asset Import Pipeline V2.
Refreshing native plugins compatible for Editor in 17.29 ms, found 0 plugins.
Preloading 0 native plugins for Editor in 0.00 ms.
Initialize engine version: 2020.2.5f1 (e2c53f129de5)
[Subsystems] Discovering subsystems at path C:/Program Files/Unity/Hub/Editor/2020.2.5f1/Editor/Data/Resources/UnitySubsystems
[Subsystems] Discovering subsystems at path F:/CampusNet/1rAny2Semestre/Desarrollo de videojuegos 3D con motores de juegos/Unity/CM/Assets
GfxDevice: creating device client; threaded=0
Direct3D:
    Version:  Direct3D 11.0 [level 11.1]
    Renderer: NVIDIA GeForce GTX 1650 Ti with Max-Q Design (ID=0x1f95)
    Vendor:   
    VRAM:     3962 MB
    Driver:   27.21.14.6627
Initialize mono
Mono path[0] = 'C:/Program Files/Unity/Hub/Editor/2020.2.5f1/Editor/Data/Managed'
Mono path[1] = 'C:/Program Files/Unity/Hub/Editor/2020.2.5f1/Editor/Data/MonoBleedingEdge/lib/mono/unityjit'
Mono config path = 'C:/Program Files/Unity/Hub/Editor/2020.2.5f1/Editor/Data/MonoBleedingEdge/etc'
Using monoOptions --debugger-agent=transport=dt_socket,embedding=1,server=y,suspend=n,address=127.0.0.1:56532
Begin MonoManager ReloadAssembly
Registering precompiled unity dll's ...
Register platform support module: C:/Program Files/Unity/Hub/Editor/2020.2.5f1/Editor/Data/PlaybackEngines/WebGLSupport/UnityEditor.WebGL.Extensions.dll
Register platform support module: C:/Program Files/Unity/Hub/Editor/2020.2.5f1/Editor/Data/PlaybackEngines/WindowsStandaloneSupport/UnityEditor.WindowsStandalone.Extensions.dll
Registered in 0.002245 seconds.
Native extension for WindowsStandalone target not found
Native extension for WebGL target not found
Refreshing native plugins compatible for Editor in 18.10 ms, found 0 plugins.
Preloading 0 native plugins for Editor in 0.00 ms.
Invoked RoslynAnalysisRunner static constructor.
RoslynAnalysisRunner will not be running.
RoslynAnalysisRunner has terminated.
Mono: successfully reloaded assembly
- Completed reload, in  1.532 seconds
Platform modules already initialized, skipping
Registering precompiled user dll's ...
Registered in 0.000427 seconds.
Begin MonoManager ReloadAssembly
Native extension for WindowsStandalone target not found
Native extension for WebGL target not found
Refreshing native plugins compatible for Editor in 0.17 ms, found 0 plugins.
Preloading 0 native plugins for Editor in 0.00 ms.
Invoked RoslynAnalysisRunner static constructor.
RoslynAnalysisRunner will not be running.
RoslynAnalysisRunner has terminated.
Mono: successfully reloaded assembly
- Completed reload, in  0.661 seconds
Platform modules already initialized, skipping
========================================================================
Worker process is ready to serve import requests
Launched and connected shader compiler UnityShaderCompiler.exe after 0.03 seconds
Refreshing native plugins compatible for Editor in 0.18 ms, found 0 plugins.
Preloading 0 native plugins for Editor in 0.00 ms.
Unloading 1108 Unused Serialized files (Serialized files now loaded: 0)
System memory in use before: 57.2 MB.
System memory in use after: 57.2 MB.

Unloading 10 unused Assets to reduce memory usage. Loaded Objects now: 1549.
Total: 5.567500 ms (FindLiveObjects: 0.353100 ms CreateObjectMapping: 0.224300 ms MarkObjects: 4.748400 ms  DeleteObjects: 0.238700 ms)

========================================================================
Received Import Request.
  path: Assets/Sprites
  artifactKey: Guid(11c0883e0321264468c11a86e8e060e4) Importer(815301076,1909f56bfc062723c751e8b465ee728b)
Start importing Assets/Sprites using Guid(11c0883e0321264468c11a86e8e060e4) Importer(815301076,1909f56bfc062723c751e8b465ee728b)  -> (artifact id: 'd7b2fa1961514ecf3a9224ce4c2646ba') in 0.003380 seconds
  Import took 0.004848 seconds .

========================================================================
Received Import Request.
  Time since last request: 34.242035 seconds.
  path: Assets/Sprites/boxWrite.png
  artifactKey: Guid(28a30cb0a9b87c341b8d476747a0f8de) Importer(815301076,1909f56bfc062723c751e8b465ee728b)
Start importing Assets/Sprites/boxWrite.png using Guid(28a30cb0a9b87c341b8d476747a0f8de) Importer(815301076,1909f56bfc062723c751e8b465ee728b)  -> (artifact id: '902abddd2bc2a82ad60fa969af71eb05') in 0.071605 seconds
  Import took 0.073214 seconds .

========================================================================
Received Import Request.
  Time since last request: 0.000233 seconds.
  path: Assets/Sprites/Button.gif
  artifactKey: Guid(12bf3b4ab08f1ec45accdbc3149dee46) Importer(815301076,1909f56bfc062723c751e8b465ee728b)
Start importing Assets/Sprites/Button.gif using Guid(12bf3b4ab08f1ec45accdbc3149dee46) Importer(815301076,1909f56bfc062723c751e8b465ee728b)  -> (artifact id: '61f194b819e0cefa5efba1170c18d012') in 0.006110 seconds
  Import took 0.007468 seconds .

========================================================================
Received Import Request.
  Time since last request: 0.000319 seconds.
  path: Assets/Sprites/Container.png
  artifactKey: Guid(8b7058f158a6a9e4da3e865d38c84c65) Importer(815301076,1909f56bfc062723c751e8b465ee728b)
Start importing Assets/Sprites/Container.png using Guid(8b7058f158a6a9e4da3e865d38c84c65) Importer(815301076,1909f56bfc062723c751e8b465ee728b)  -> (artifact id: 'f28775222bb9b999cdd6e2780ad1d563') in 0.021229 seconds
  Import took 0.022576 seconds .

========================================================================
Received Import Request.
  Time since last request: 8.329331 seconds.
  path: Assets/Sprites/boxWrite.png
  artifactKey: Guid(28a30cb0a9b87c341b8d476747a0f8de) Importer(815301076,1909f56bfc062723c751e8b465ee728b)
Start importing Assets/Sprites/boxWrite.png using Guid(28a30cb0a9b87c341b8d476747a0f8de) Importer(815301076,1909f56bfc062723c751e8b465ee728b)  -> (artifact id: 'cd3c29eec92976b518ab29068b19837d') in 0.040187 seconds
  Import took 0.041881 seconds .

========================================================================
Received Import Request.
  Time since last request: 0.000238 seconds.
  path: Assets/Sprites/Button.gif
  artifactKey: Guid(12bf3b4ab08f1ec45accdbc3149dee46) Importer(815301076,1909f56bfc062723c751e8b465ee728b)
Start importing Assets/Sprites/Button.gif using Guid(12bf3b4ab08f1ec45accdbc3149dee46) Importer(815301076,1909f56bfc062723c751e8b465ee728b)  -> (artifact id: '591584a29ef1afa2727e8a82b9141b37') in 0.006801 seconds
  Import took 0.008667 seconds .

========================================================================
Received Import Request.
  Time since last request: 0.000271 seconds.
  path: Assets/Sprites/Container.png
  artifactKey: Guid(8b7058f158a6a9e4da3e865d38c84c65) Importer(815301076,1909f56bfc062723c751e8b465ee728b)
Start importing Assets/Sprites/Container.png using Guid(8b7058f158a6a9e4da3e865d38c84c65) Importer(815301076,1909f56bfc062723c751e8b465ee728b)  -> (artifact id: '41958e04e392b24f3c60d59f1291a70f') in 0.013459 seconds
  Import took 0.015194 seconds .

========================================================================
Received Prepare
Registering precompiled user dll's ...
Registered in 0.000567 seconds.
Begin MonoManager ReloadAssembly
Native extension for WindowsStandalone target not found
Native extension for WebGL target not found
Refreshing native plugins compatible for Editor in 0.18 ms, found 0 plugins.
Preloading 0 native plugins for Editor in 0.00 ms.
Invoked RoslynAnalysisRunner static constructor.
RoslynAnalysisRunner will not be running.
RoslynAnalysisRunner has terminated.
Mono: successfully reloaded assembly
- Completed reload, in  0.664 seconds
Platform modules already initialized, skipping
Switching build target platform(5) subTarget(0) extendedPlatform(0) -> platform(13) subTarget(537395200) extendedPlatform(0)
Refreshing native plugins compatible for Editor in 0.17 ms, found 0 plugins.
Preloading 0 native plugins for Editor in 0.00 ms.
Unloading 1106 Unused Serialized files (Serialized files now loaded: 0)
System memory in use before: 60.2 MB.
System memory in use after: 60.3 MB.

Unloading 5 unused Assets to reduce memory usage. Loaded Objects now: 1563.
Total: 1.690900 ms (FindLiveObjects: 0.157800 ms CreateObjectMapping: 0.040400 ms MarkObjects: 1.442300 ms  DeleteObjects: 0.048500 ms)

AssetImportParameters requested are different than current active one (requested -> active):
  custom:graphics/normal-map-encoding: 01000000000000000000000000000000 -> 02000000000000000000000000000000
========================================================================
Received Import Request.
  Time since last request: 2773.846473 seconds.
  path: Assets/Sprites/Line.png
  artifactKey: Guid(c5196902322cbcc4a95ce88abd551020) Importer(815301076,1909f56bfc062723c751e8b465ee728b)
Start importing Assets/Sprites/Line.png using Guid(c5196902322cbcc4a95ce88abd551020) Importer(815301076,1909f56bfc062723c751e8b465ee728b)  -> (artifact id: '31efc89f728cc04e8f9700326c950c3b') in 0.033960 seconds
  Import took 0.035943 seconds .

========================================================================
Received Import Request.
  Time since last request: 5.606902 seconds.
  path: Assets/Sprites/Line.png
  artifactKey: Guid(c5196902322cbcc4a95ce88abd551020) Importer(815301076,1909f56bfc062723c751e8b465ee728b)
Start importing Assets/Sprites/Line.png using Guid(c5196902322cbcc4a95ce88abd551020) Importer(815301076,1909f56bfc062723c751e8b465ee728b)  -> (artifact id: 'a3f4ea5cdafef608014ad3aa7a455a08') in 0.024300 seconds
  Import took 0.025957 seconds .

========================================================================
Received Prepare
Registering precompiled user dll's ...
Registered in 0.000373 seconds.
Begin MonoManager ReloadAssembly
Native extension for WindowsStandalone target not found
Native extension for WebGL target not found
Refreshing native plugins compatible for Editor in 0.17 ms, found 0 plugins.
Preloading 0 native plugins for Editor in 0.00 ms.
Invoked RoslynAnalysisRunner static constructor.
RoslynAnalysisRunner will not be running.
RoslynAnalysisRunner has terminated.
Mono: successfully reloaded assembly
- Completed reload, in  0.617 seconds
Platform modules already initialized, skipping
Switching build target platform(5) subTarget(0) extendedPlatform(0) -> platform(13) subTarget(537395200) extendedPlatform(0)
Refreshing native plugins compatible for Editor in 0.16 ms, found 0 plugins.
Preloading 0 native plugins for Editor in 0.00 ms.
Unloading 1106 Unused Serialized files (Serialized files now loaded: 0)
System memory in use before: 60.3 MB.
System memory in use after: 60.3 MB.

Unloading 5 unused Assets to reduce memory usage. Loaded Objects now: 1566.
Total: 1.367200 ms (FindLiveObjects: 0.120800 ms CreateObjectMapping: 0.029500 ms MarkObjects: 1.178000 ms  DeleteObjects: 0.038000 ms)

AssetImportParameters requested are different than current active one (requested -> active):
  custom:graphics/normal-map-encoding: 01000000000000000000000000000000 -> 02000000000000000000000000000000
========================================================================
Received Import Request.
  Time since last request: 610.098578 seconds.
  path: Assets/Scripts/AppManager.cs
  artifactKey: Guid(a8cc9dc042fbb8e40a11fd8893852c8d) Importer(815301076,1909f56bfc062723c751e8b465ee728b)
Start importing Assets/Scripts/AppManager.cs using Guid(a8cc9dc042fbb8e40a11fd8893852c8d) Importer(815301076,1909f56bfc062723c751e8b465ee728b)  -> (artifact id: 'd7bc65a953d9004316afe6f75944230d') in 0.017490 seconds
  Import took 0.019902 seconds .

========================================================================
Received Prepare
Registering precompiled user dll's ...
Registered in 0.000599 seconds.
Begin MonoManager ReloadAssembly
Native extension for WindowsStandalone target not found
Native extension for WebGL target not found
Refreshing native plugins compatible for Editor in 0.17 ms, found 0 plugins.
Preloading 0 native plugins for Editor in 0.00 ms.
Invoked RoslynAnalysisRunner static constructor.
RoslynAnalysisRunner will not be running.
RoslynAnalysisRunner has terminated.
Mono: successfully reloaded assembly
- Completed reload, in  0.621 seconds
Platform modules already initialized, skipping
Switching build target platform(5) subTarget(0) extendedPlatform(0) -> platform(13) subTarget(537395200) extendedPlatform(0)
Refreshing native plugins compatible for Editor in 0.16 ms, found 0 plugins.
Preloading 0 native plugins for Editor in 0.00 ms.
Unloading 1106 Unused Serialized files (Serialized files now loaded: 0)
System memory in use before: 60.3 MB.
System memory in use after: 60.4 MB.

Unloading 5 unused Assets to reduce memory usage. Loaded Objects now: 1568.
Total: 1.474000 ms (FindLiveObjects: 0.115800 ms CreateObjectMapping: 0.053000 ms MarkObjects: 1.269000 ms  DeleteObjects: 0.035600 ms)

AssetImportParameters requested are different than current active one (requested -> active):
  custom:graphics/normal-map-encoding: 01000000000000000000000000000000 -> 02000000000000000000000000000000
========================================================================
Received Prepare
Registering precompiled user dll's ...
Registered in 0.000563 seconds.
Begin MonoManager ReloadAssembly
Native extension for WindowsStandalone target not found
Native extension for WebGL target not found
Refreshing native plugins compatible for Editor in 0.18 ms, found 0 plugins.
Preloading 0 native plugins for Editor in 0.00 ms.
Invoked RoslynAnalysisRunner static constructor.
RoslynAnalysisRunner will not be running.
RoslynAnalysisRunner has terminated.
Mono: successfully reloaded assembly
- Completed reload, in  0.661 seconds
Platform modules already initialized, skipping
Switching build target platform(5) subTarget(0) extendedPlatform(0) -> platform(13) subTarget(537395200) extendedPlatform(0)
Refreshing native plugins compatible for Editor in 0.17 ms, found 0 plugins.
Preloading 0 native plugins for Editor in 0.00 ms.
Unloading 1106 Unused Serialized files (Serialized files now loaded: 0)
System memory in use before: 60.3 MB.
System memory in use after: 60.4 MB.

Unloading 5 unused Assets to reduce memory usage. Loaded Objects now: 1570.
Total: 1.465700 ms (FindLiveObjects: 0.129500 ms CreateObjectMapping: 0.031200 ms MarkObjects: 1.265000 ms  DeleteObjects: 0.039200 ms)

AssetImportParameters requested are different than current active one (requested -> active):
  custom:graphics/normal-map-encoding: 01000000000000000000000000000000 -> 02000000000000000000000000000000
AssetImportWorkerClient::OnTransportError - code=2 error=End of file
